----------------------------------------------------------------------------------------------------
------------------------------------ MegaLinter, by OX Security ------------------------------------
----------------------------------------------------------------------------------------------------
 - Image Creation Date: 2022-08-12T16:34:07Z
 - Image Revision: bbc0709d5
 - Image Version: v6
----------------------------------------------------------------------------------------------------
The MegaLinter documentation can be found at:
 - https://oxsecurity.github.io/megalinter/latest
----------------------------------------------------------------------------------------------------
::group::MegaLinter initialization (expand for details)
GITHUB_REPOSITORY: brandonmcclure/friendly-chainsaw-docker
GITHUB_REF: refs/pull/10/merge
GITHUB_RUN_ID: 2857489325


[Activation] EDITORCONFIG_EDITORCONFIG_CHECKER has been set inactive, as none of these files has been found: ['.editorconfig']
[Activation] JAVASCRIPT_ES has been set inactive, as none of these files has been found: ['.eslintrc.json', '.eslintrc.yml', '.eslintrc.yaml', '.eslintrc.js', '.eslintrc.cjs', 'package.json:eslintConfig']
[Activation] JSX_ESLINT has been set inactive, as none of these files has been found: ['.eslintrc.json', '.eslintrc.yml', '.eslintrc.yaml', '.eslintrc.js', '.eslintrc.cjs', 'package.json:eslintConfig']
[Activation] REPOSITORY_GOODCHECK has been set inactive, as none of these files has been found: ['goodcheck.yml']
[SemgrepLinter] Deactivated because no ruleset has been defined
[Activation] SQL_SQLFLUFF has been set inactive, as none of these files has been found: ['.sqlfluff']
[Activation] SWIFT_SWIFTLINT has been set inactive, as none of these files has been found: ['.swiftlint.yml']
[Activation] TSX_ESLINT has been set inactive, as none of these files has been found: ['.eslintrc.json', '.eslintrc.yml', '.eslintrc.yaml', '.eslintrc.js', '.eslintrc.cjs', 'package.json:eslintConfig']
[Activation] TYPESCRIPT_ES has been set inactive, as none of these files has been found: ['.eslintrc.json', '.eslintrc.yml', '.eslintrc.yaml', '.eslintrc.js', '.eslintrc.cjs', 'package.json:eslintConfig']
MARKDOWN_REMARK_LINT has been temporary disabled in MegaLinter, please use a previous MegaLinter version or wait for the next one !
SNAKEMAKE_SNAKEFMT has been temporary disabled in MegaLinter, please use a previous MegaLinter version or wait for the next one !
Skipped linters: ANSIBLE_ANSIBLE_LINT, COPYPASTE_JSCPD, EDITORCONFIG_EDITORCONFIG_CHECKER, JAVASCRIPT_ES, JAVASCRIPT_PRETTIER, JSX_ESLINT, KUBERNETES_KUBECONFORM, KUBERNETES_KUBEVAL, MARKDOWN_REMARK_LINT, REPOSITORY_CHECKOV, REPOSITORY_DEVSKIM, REPOSITORY_DUSTILOCK, REPOSITORY_GITLEAKS, REPOSITORY_GOODCHECK, REPOSITORY_SECRETLINT, REPOSITORY_SEMGREP, REPOSITORY_SYFT, REPOSITORY_TRIVY, SALESFORCE_SFDX_SCANNER_APEX, SALESFORCE_SFDX_SCANNER_AURA, SALESFORCE_SFDX_SCANNER_LWC, SNAKEMAKE_SNAKEFMT, SPELL_CSPELL, SQL_SQLFLUFF, SWIFT_SWIFTLINT, TSX_ESLINT, TYPESCRIPT_ES, TYPESCRIPT_PRETTIER
To receive reports as email, please set variable EMAIL_REPORTER_EMAIL
::endgroup::
::group::MegaLinter now collects the files to analyse (expand for details)
Listing updated files in [/github/workspace] using git diff.
Modified files:
.github/workflows/mega-linter.yml
.mega-linter.yml
- File extensions: , .R, .RMD, .Rmd, .bash, .c, .c++, .cc, .cdxml, .clj, .cljc, .cljs, .coffee, .cpp, .cs, .css, .cu, .cuh, .cxx, .dart, .dash, .edn, .env, .feature, .go, .gradle, .graphql, .groovy, .gvy, .h, .h++, .hcl, .hh, .hpp, .htm, .html, .hxx, .java, .js, .json, .json5, .jsonc, .ksh, .kt, .kts, .lua, .md, .nf, .p6, .php, .pl, .pl6, .pm, .pm6, .pp, .proto, .ps1, .ps1xml, .psd1, .psm1, .psrc, .pssc, .py, .r, .raku, .rakumod, .rakutest, .rb, .rs, .rst, .saas, .scala, .scss, .sh, .smk, .sql, .t, .tex, .tf, .ts, .txt, .vb, .xml, .yaml, .yml
- File names (regex): Dockerfile, Jenkinsfile, Makefile, Snakefile
- Excluding regex: (\.github)
- Excluding .gitignored files [0]: 
Kept [1] files on [2] found files

+----MATCHING LINTERS---+------------+----------------+------------+
| Descriptor | Linter   | Criteria   | Matching files | Format/Fix |
+------------+----------+------------+----------------+------------+
| REPOSITORY | git_diff |            | project        | no         |
| SPELL      | misspell |            | 1              | yes        |
| YAML       | prettier | .yml|.yaml | 1              | yes        |
| YAML       | yamllint | .yml|.yaml | 1              | no         |
| YAML       | v8r      | .yml|.yaml | 1              | no         |
+------------+----------+------------+----------------+------------+
::endgroup::
::group::[32m✅ Linted [REPOSITORY] files with [git_diff] successfully - (0.0s)[0m (expand for details)
- Using [git_diff v2.34.4] https://oxsecurity.github.io/megalinter/latest/v6/descriptors/repository_git_diff
- MegaLinter key: [REPOSITORY_GIT_DIFF]
- Rules config: identified by [git_diff]
::endgroup::
::group::[32m✅ Linted [SPELL] files with [misspell] successfully - (0.05s)[0m (expand for details)
- Using [misspell v0.3.4] https://oxsecurity.github.io/megalinter/latest/v6/descriptors/spell_misspell
- MegaLinter key: [SPELL_MISSPELL]
- Rules config: identified by [misspell]
- Number of files analyzed: [1]
::endgroup::
::group::[32m✅ Linted [YAML] files with [prettier] successfully - (0.7s)[0m (expand for details)
- Using [prettier v2.7.1] https://oxsecurity.github.io/megalinter/latest/v6/descriptors/yaml_prettier
- MegaLinter key: [YAML_PRETTIER]
- Rules config: identified by [prettier]
- Number of files analyzed: [1]
::endgroup::
::group::[32m✅ Linted [YAML] files with [yamllint] successfully - (0.11s)[0m (expand for details)
- Using [yamllint v1.27.1] https://oxsecurity.github.io/megalinter/latest/v6/descriptors/yaml_yamllint
- MegaLinter key: [YAML_YAMLLINT]
- Rules config: [.yamllint.yml]
- Number of files analyzed: [1]
::endgroup::
::group::[32m✅ Linted [YAML] files with [v8r] successfully - (2.09s)[0m (expand for details)
- Using [v8r v0.13.0] https://oxsecurity.github.io/megalinter/latest/v6/descriptors/yaml_v8r
- MegaLinter key: [YAML_V8R]
- Rules config: identified by [v8r]
- Number of files analyzed: [1]
::endgroup::

+----SUMMARY----+----------+---------------+-------+-------+--------+--------------+
| Descriptor    | Linter   | Mode          | Files | Fixed | Errors | Elapsed time |
+---------------+----------+---------------+-------+-------+--------+--------------+
| ✅ REPOSITORY | git_diff | project       |   n/a |       |      0 |         0.0s |
| ✅ SPELL      | misspell | list_of_files |     1 |     0 |      0 |        0.05s |
| ✅ YAML       | prettier | list_of_files |     1 |     1 |      0 |         0.7s |
| ✅ YAML       | v8r      | list_of_files |     1 |       |      0 |        2.09s |
| ✅ YAML       | yamllint | list_of_files |     1 |       |      0 |        0.11s |
+---------------+----------+---------------+-------+-------+--------+--------------+

[GitHub Comment Reporter] Posted summary as comment on brandonmcclure/friendly-chainsaw-docker #PR10
[Updated Sources Reporter] copied 1 fixed source files in folder /github/workspace/megalinter-reports/updated_sources.
Download it from artifacts then copy-paste it in your local repo to apply linters updates
[32m✅ Successfully linted all files without errors[0m
